2025-10-14 20:13:54.169 [main] INFO  testCases.TC_004AccountLoginTestDDT - Starting tests with Browser: chrome, OS: Windows, Run Mode: sequential
2025-10-14 20:13:59.382 [main] INFO  utilities.LoginDataProvider - Reading login data from Excel: testData/open_cart_loginData.xlsx, Sheet: Sheet1
2025-10-14 20:13:59.385 [main] INFO  utilities.ExcelUtils - Opening Excel file: testData/open_cart_loginData.xlsx
2025-10-14 20:14:00.383 [main] INFO  utilities.ExcelUtils - Loaded sheet: Sheet1
2025-10-14 20:14:00.385 [main] INFO  utilities.ExcelUtils - Row count retrieved: 6
2025-10-14 20:14:00.400 [main] INFO  utilities.LoginDataProvider - Loaded row 1 -> Username: ahsan@gmail.com, ExpectedResult: Pass
2025-10-14 20:14:00.401 [main] INFO  utilities.LoginDataProvider - Loaded row 2 -> Username: ahsan1@gmail.com, ExpectedResult: Fail
2025-10-14 20:14:00.402 [main] INFO  utilities.LoginDataProvider - Loaded row 3 -> Username: ahsan2@gmail.com, ExpectedResult: Fail
2025-10-14 20:14:00.403 [main] INFO  utilities.LoginDataProvider - Loaded row 4 -> Username: ahsan3@gmail.com, ExpectedResult: Fail
2025-10-14 20:14:00.403 [main] INFO  utilities.LoginDataProvider - Loaded row 5 -> Username: hafiz@gmail.com, ExpectedResult: Pass
2025-10-14 20:14:00.404 [main] INFO  utilities.ExcelUtils - Workbook closed.
2025-10-14 20:14:00.404 [main] INFO  utilities.LoginDataProvider - Excel workbook closed.
2025-10-14 20:15:49.841 [main] INFO  testCases.TC_002AccountLoginTest - Starting tests with Browser: chrome, OS: Windows, Run Mode: sequential
2025-10-14 20:16:48.043 [main] INFO  testCases.TC_002AccountLoginTest - Starting tests with Browser: chrome, OS: Windows, Run Mode: sequential
2025-10-14 20:18:07.253 [main] INFO  testCases.TC_002AccountLoginTest - Starting tests with Browser: chrome, OS: Windows, Run Mode: sequential
2025-10-14 20:21:55.134 [main] INFO  testCases.TC_002AccountLoginTest - Starting tests with Browser: chrome, OS: Windows, Run Mode: sequential
2025-10-14 20:27:15.343 [main] INFO  testCases.TC_002AccountLoginTest - ===== Starting Account Login Test =====
2025-10-14 20:27:15.649 [main] INFO  testCases.TC_002AccountLoginTest - Clicking on My Account
2025-10-14 20:27:16.118 [main] INFO  testCases.TC_002AccountLoginTest - Clicking on Login
2025-10-14 20:27:16.123 [main] INFO  testCases.TC_002AccountLoginTest - Entering user data
2025-10-14 20:27:17.940 [main] INFO  testCases.TC_002AccountLoginTest - Confirmation message received: My Account
2025-10-14 20:27:17.944 [main] INFO  testCases.TC_002AccountLoginTest - Test Passed 
2025-10-14 20:27:17.944 [main] INFO  testCases.TC_002AccountLoginTest - ===== Account Login Test Completed =====
2025-10-14 20:27:46.213 [main] INFO  testCases.TC_002AccountLoginTest - Starting tests with Browser: chrome, OS: Windows, Run Mode: sequential
2025-10-14 20:32:55.318 [main] INFO  testCases.TC_002AccountLoginTest - ===== Starting Account Login Test =====
2025-10-14 20:32:55.640 [main] INFO  testCases.TC_002AccountLoginTest - Clicking on My Account
2025-10-14 20:32:56.522 [main] INFO  testCases.TC_002AccountLoginTest - Clicking on Login
2025-10-14 20:32:56.522 [main] INFO  testCases.TC_002AccountLoginTest - Entering user data
2025-10-14 20:32:58.912 [main] INFO  testCases.TC_002AccountLoginTest - Confirmation message received: My Account
2025-10-14 20:32:58.921 [main] INFO  testCases.TC_002AccountLoginTest - Test Passed 
2025-10-14 20:32:58.921 [main] INFO  testCases.TC_002AccountLoginTest - ===== Account Login Test Completed =====
